<?xml version="1.0" encoding="UTF-8"?><testsuite errors="0" failures="0" name="cig.insurance.automation.features.general_liability.coverages.liquor_liability.LiquorLiabilityStory" skipped="0" tests="2" time="83.35" timestamp="2018-10-09 01:02:34"><testcase classname="cig.insurance.automation.features.general_liability.coverages.liquor_liability.LiquorLiabilityStory" name="Should have error if gross receipts and classification undefined"/><testcase classname="cig.insurance.automation.features.general_liability.coverages.liquor_liability.LiquorLiabilityStory" name="Should be able to issue policy after adding coverage"/></testsuite>