<?xml version="1.0" encoding="UTF-8"?><testsuite errors="0" failures="0" name="cig.insurance.automation.features.commercial_umbrella.submission.SubmissionStory" skipped="10" tests="10" time="1.98" timestamp="2018-10-01 10:24:10"><testcase classname="cig.insurance.automation.features.commercial_umbrella.submission.SubmissionStory" name="Should be able to issue commercial umbrella submission"><skipped/></testcase><testcase classname="cig.insurance.automation.features.commercial_umbrella.submission.SubmissionStory" name="Should be able to start commercial umbrella submission"><skipped/></testcase></testsuite>