<?xml version="1.0" encoding="UTF-8"?><testsuite errors="0" failures="0" name="cig.insurance.automation.features.business_owners_policy.submission.SubmissionStory" skipped="10" tests="10" time="5.2" timestamp="2018-10-01 10:22:04"><testcase classname="cig.insurance.automation.features.business_owners_policy.submission.SubmissionStory" name="Should be able to select business owners policy"><skipped/></testcase><testcase classname="cig.insurance.automation.features.business_owners_policy.submission.SubmissionStory" name="Should be able to complete business owners policy submission"><skipped/></testcase></testsuite>