<?xml version="1.0" encoding="UTF-8"?><testsuite errors="1" failures="0" name="cig.insurance.automation.features.general_liability.submission.GLStopGapCoverageStory" skipped="0" tests="1" time="36.02" timestamp="2018-10-09 10:51:57"><testcase classname="cig.insurance.automation.features.general_liability.submission.GLStopGapCoverageStory" name="Should issue policy with stop gap coverage"><error message="The following error occurred: no such element: Unable to locate element: {&quot;method&quot;:&quot;xpath&quot;,&quot;selector&quot;:&quot;/html/body/div[1]/div[@id='centerPanel']/table/tbody/tr/td/div/table/tbody//a[contains(@id, 'ExposuresEdit_DP_tb:Add')][1]&quot;}&#10;  (Session info: chrome=66.0.3359.139)&#10;  (Driver info: chromedriver=2.40.565498 (ea082db3280dd6843ebfb08a625e3eb905c4f5ab),platform=Windows NT 6.1.7601 SP1 x86_64) (WARNING: The server did not provide any stacktrace information)&#10;Command duration or timeout: 0 milliseconds&#10;For documentation on this error, please visit: http://seleniumhq.org/exceptions/no_such_element.html&#10;Build info: version: '3.10.0', revision: '176b4a9', time: '2018-03-02T19:03:16.397Z'&#10;System info: host: 'LECORTEZ1', ip: '192.168.56.1', os.name: 'Windows 7', os.arch: 'amd64', os.version: '6.1', java.version: '1.8.0_161'&#10;Driver info: org.openqa.selenium.remote.RemoteWebDriver&#10;Capabilities {acceptInsecureCerts: false, acceptSslCerts: false, applicationCacheEnabled: false, browserConnectionEnabled: false, browserName: chrome, chrome: {chromedriverVersion: 2.40.565498 (ea082db3280dd6..., userDataDir: C:\Users\ecortez\AppData\Lo...}, cssSelectorsEnabled: true, databaseEnabled: false, handlesAlerts: true, hasTouchScreen: false, javascriptEnabled: true, locationContextEnabled: true, mobileEmulationEnabled: false, nativeEvents: true, networkConnectionEnabled: false, pageLoadStrategy: normal, platform: XP, platformName: XP, rotatable: false, setWindowRect: true, takesHeapSnapshot: true, takesScreenshot: true, unexpectedAlertBehaviour: , unhandledPromptBehavior: , version: 66.0.3359.139, webStorageEnabled: true}&#10;Session ID: f2f5002aa9940c7182e00a3f26f3933c&#10;*** Element info: {Using=xpath, value=/html/body/div[1]/div[@id='centerPanel']/table/tbody/tr/td/div/table/tbody//a[contains(@id, 'ExposuresEdit_DP_tb:Add')][1]}" type="org.openqa.selenium.NoSuchElementException">The following error occurred: no such element: Unable to locate element: {"method":"xpath","selector":"/html/body/div[1]/div[@id='centerPanel']/table/tbody/tr/td/div/table/tbody//a[contains(@id, 'ExposuresEdit_DP_tb:Add')][1]"}
  (Session info: chrome=66.0.3359.139)
  (Driver info: chromedriver=2.40.565498 (ea082db3280dd6843ebfb08a625e3eb905c4f5ab),platform=Windows NT 6.1.7601 SP1 x86_64) (WARNING: The server did not provide any stacktrace information)
Command duration or timeout: 0 milliseconds
For documentation on this error, please visit: http://seleniumhq.org/exceptions/no_such_element.html
Build info: version: '3.10.0', revision: '176b4a9', time: '2018-03-02T19:03:16.397Z'
System info: host: 'LECORTEZ1', ip: '192.168.56.1', os.name: 'Windows 7', os.arch: 'amd64', os.version: '6.1', java.version: '1.8.0_161'
Driver info: org.openqa.selenium.remote.RemoteWebDriver
Capabilities {acceptInsecureCerts: false, acceptSslCerts: false, applicationCacheEnabled: false, browserConnectionEnabled: false, browserName: chrome, chrome: {chromedriverVersion: 2.40.565498 (ea082db3280dd6..., userDataDir: C:\Users\ecortez\AppData\Lo...}, cssSelectorsEnabled: true, databaseEnabled: false, handlesAlerts: true, hasTouchScreen: false, javascriptEnabled: true, locationContextEnabled: true, mobileEmulationEnabled: false, nativeEvents: true, networkConnectionEnabled: false, pageLoadStrategy: normal, platform: XP, platformName: XP, rotatable: false, setWindowRect: true, takesHeapSnapshot: true, takesScreenshot: true, unexpectedAlertBehaviour: , unhandledPromptBehavior: , version: 66.0.3359.139, webStorageEnabled: true}
Session ID: f2f5002aa9940c7182e00a3f26f3933c
*** Element info: {Using=xpath, value=/html/body/div[1]/div[@id='centerPanel']/table/tbody/tr/td/div/table/tbody//a[contains(@id, 'ExposuresEdit_DP_tb:Add')][1]}</error><system-err>The following error occurred: no such element: Unable to locate element: {"method":"xpath","selector":"/html/body/div[1]/div[@id='centerPanel']/table/tbody/tr/td/div/table/tbody//a[contains(@id, 'ExposuresEdit_DP_tb:Add')][1]"}
  (Session info: chrome=66.0.3359.139)
  (Driver info: chromedriver=2.40.565498 (ea082db3280dd6843ebfb08a625e3eb905c4f5ab),platform=Windows NT 6.1.7601 SP1 x86_64) (WARNING: The server did not provide any stacktrace information)
Command duration or timeout: 0 milliseconds
For documentation on this error, please visit: http://seleniumhq.org/exceptions/no_such_element.html
Build info: version: '3.10.0', revision: '176b4a9', time: '2018-03-02T19:03:16.397Z'
System info: host: 'LECORTEZ1', ip: '192.168.56.1', os.name: 'Windows 7', os.arch: 'amd64', os.version: '6.1', java.version: '1.8.0_161'
Driver info: org.openqa.selenium.remote.RemoteWebDriver
Capabilities {acceptInsecureCerts: false, acceptSslCerts: false, applicationCacheEnabled: false, browserConnectionEnabled: false, browserName: chrome, chrome: {chromedriverVersion: 2.40.565498 (ea082db3280dd6..., userDataDir: C:\Users\ecortez\AppData\Lo...}, cssSelectorsEnabled: true, databaseEnabled: false, handlesAlerts: true, hasTouchScreen: false, javascriptEnabled: true, locationContextEnabled: true, mobileEmulationEnabled: false, nativeEvents: true, networkConnectionEnabled: false, pageLoadStrategy: normal, platform: XP, platformName: XP, rotatable: false, setWindowRect: true, takesHeapSnapshot: true, takesScreenshot: true, unexpectedAlertBehaviour: , unhandledPromptBehavior: , version: 66.0.3359.139, webStorageEnabled: true}
Session ID: f2f5002aa9940c7182e00a3f26f3933c
*** Element info: {Using=xpath, value=/html/body/div[1]/div[@id='centerPanel']/table/tbody/tr/td/div/table/tbody//a[contains(@id, 'ExposuresEdit_DP_tb:Add')][1]}&#13;
cig.insurance.automation.screenplay.actions.UserAction.highlightElement(UserAction.java:23)&#13;
cig.insurance.automation.screenplay.actions.ClickAndType.performClickAction(ClickAndType.java:32)&#13;
cig.insurance.automation.screenplay.actions.JSClick.performAs(JSClick.java:34)&#13;
cig.insurance.automation.screenplay.tasks.add.AddExposure.performAs(AddExposure.java:35)&#13;
cig.insurance.automation.features.general_liability.submission.GLStopGapCoverageStory.should_issue_policy_with_stop_gap_coverage(GLStopGapCoverageStory.java:100)&#13;
</system-err></testcase></testsuite>