<?xml version="1.0" encoding="UTF-8"?><testsuite errors="0" failures="0" name="cig.insurance.automation.features.general_liability.QuoteSummaryPageCostObjectsStory" skipped="0" tests="3" time="153.31" timestamp="2018-10-17 03:59:43"><testcase classname="cig.insurance.automation.features.general_liability.QuoteSummaryPageCostObjectsStory" name="Should be able to see location level coverages on quote"/><testcase classname="cig.insurance.automation.features.general_liability.QuoteSummaryPageCostObjectsStory" name="Should be able to see location coverages on quote"/><testcase classname="cig.insurance.automation.features.general_liability.QuoteSummaryPageCostObjectsStory" name="Should be able to see line level coverages on quote"/></testsuite>