<?xml version="1.0" encoding="UTF-8"?><testsuite errors="0" failures="0" name="cig.insurance.automation.features.commercial_auto_policy.submission.SubmissionStory" skipped="10" tests="10" time="2.75" timestamp="2018-10-01 10:22:07"><testcase classname="cig.insurance.automation.features.commercial_auto_policy.submission.SubmissionStory" name="Should be able to start commercial auto submission"><skipped/></testcase><testcase classname="cig.insurance.automation.features.commercial_auto_policy.submission.SubmissionStory" name="Should be able to issue commercial auto submission"><skipped/></testcase></testsuite>