<?xml version="1.0" encoding="UTF-8"?><testsuite errors="5" failures="0" name="cig.insurance.automation.features.general_liability.submission.GLReviewFormsStory" skipped="0" tests="5" time="5.77" timestamp="2018-10-04 02:41:31"><testcase classname="cig.insurance.automation.features.general_liability.submission.GLReviewFormsStory" name="Should see gl mandatory forms"><error type="java.lang.UnsupportedOperationException"/><system-err>null&#13;
cig.insurance.automation.features.general_liability.submission.GLReviewFormsStory.&lt;init&gt;(GLReviewFormsStory.java:142)&#13;
</system-err></testcase></testsuite>